15:33:35:016 [ALWAYS]	GUDE Logging Started
15:33:35:539 [INFO]	SqliteResumeCache::SqliteResumeCache basedirectory is null/empty
15:33:35:539 [ERROR]	SqliteResumeCache::CreateSqliteResumeCache creating resume cache pointer failure
15:33:35:539 [ERROR]	Initialize resume cache pointer failure
15:33:35:539 [INFO]	gude policy POLICY_USER limit (2,2,1) chunk 2097152, chunking (UL 0 DL 1), resXfer 1, adapt 0, NSURL 0, timeout 86400 
15:33:35:539 [INFO]	Initialized -- gude-lib version: v0.12.1 app: gude
15:33:38:794 [WARN]	Ignoring attempt to reinit logging to \gude at level 4 retaining 3 days of logs
15:33:38:794 [INFO]	SqliteResumeCache::SqliteResumeCache basedirectory is null/empty
15:33:38:794 [ERROR]	SqliteResumeCache::CreateSqliteResumeCache creating resume cache pointer failure
15:33:38:794 [ERROR]	Initialize resume cache pointer failure
15:33:38:794 [INFO]	gude policy POLICY_USER limit (4,4,1) chunk 2097152, chunking (UL 0 DL 1), resXfer 1, adapt 0, NSURL 1, timeout 86400 
15:33:38:794 [INFO]	Initialized -- gude-lib version: v0.12.1 app: gude
16:11:56:890 [ALWAYS]	GUDE Logging Started
16:11:56:942 [INFO]	SqliteResumeCache::SqliteResumeCache basedirectory is null/empty
16:11:56:942 [ERROR]	SqliteResumeCache::CreateSqliteResumeCache creating resume cache pointer failure
16:11:56:942 [ERROR]	Initialize resume cache pointer failure
16:11:56:942 [INFO]	gude policy POLICY_USER limit (2,2,1) chunk 2097152, chunking (UL 0 DL 1), resXfer 1, adapt 0, NSURL 0, timeout 86400 
16:11:56:942 [INFO]	Initialized -- gude-lib version: v0.12.1 app: gude
16:12:00:442 [WARN]	Ignoring attempt to reinit logging to \gude at level 4 retaining 3 days of logs
16:12:00:442 [INFO]	SqliteResumeCache::SqliteResumeCache basedirectory is null/empty
16:12:00:442 [ERROR]	SqliteResumeCache::CreateSqliteResumeCache creating resume cache pointer failure
16:12:00:442 [ERROR]	Initialize resume cache pointer failure
16:12:00:442 [INFO]	gude policy POLICY_USER limit (4,4,1) chunk 2097152, chunking (UL 0 DL 1), resXfer 1, adapt 0, NSURL 1, timeout 86400 
16:12:00:442 [INFO]	Initialized -- gude-lib version: v0.12.1 app: gude
